# JRE version: OpenJDK Runtime Environment (11.0.3+12) (build 11.0.3+12-b304.56)
# Java VM: OpenJDK 64-Bit Server VM (11.0.3+12-b304.56, mixed mode, sharing, tiered, compressed oops, g1 gc, windows-amd64)
Heap:
 garbage-first heap   total 152576K, used 58828K [0x0000000085e00000, 0x0000000100000000)
  region size 1024K, 27 young (27648K), 5 survivors (5120K)
 Metaspace       used 23482K, capacity 24015K, committed 24192K, reserved 1071104K
  class space    used 2610K, capacity 2838K, committed 2944K, reserved 1048576K
GC Heap History (10 events):
Event: 12.952 GC heap before
{Heap before GC invocations=4 (full 0):
 garbage-first heap   total 126976K, used 61952K [0x0000000085e00000, 0x0000000100000000)
  region size 1024K, 45 young (46080K), 5 survivors (5120K)
 Metaspace       used 13344K, capacity 14537K, committed 14592K, reserved 1062912K
  class space    used 1548K, capacity 1743K, committed 1792K, reserved 1048576K
}
Event: 12.986 GC heap after
{Heap after GC invocations=5 (full 0):
 garbage-first heap   total 126976K, used 26296K [0x0000000085e00000, 0x0000000100000000)
  region size 1024K, 5 young (5120K), 5 survivors (5120K)
 Metaspace       used 13344K, capacity 14537K, committed 14592K, reserved 1062912K
  class space    used 1548K, capacity 1743K, committed 1792K, reserved 1048576K
}
Event: 14.986 GC heap before
{Heap before GC invocations=5 (full 0):
 garbage-first heap   total 126976K, used 69304K [0x0000000085e00000, 0x0000000100000000)
  region size 1024K, 47 young (48128K), 5 survivors (5120K)
 Metaspace       used 13947K, capacity 15027K, committed 15104K, reserved 1062912K
  class space    used 1583K, capacity 1776K, committed 1792K, reserved 1048576K
}
Event: 15.020 GC heap after
{Heap after GC invocations=6 (full 0):
 garbage-first heap   total 126976K, used 30589K [0x0000000085e00000, 0x0000000100000000)
  region size 1024K, 5 young (5120K), 5 survivors (5120K)
 Metaspace       used 13947K, capacity 15027K, committed 15104K, reserved 1062912K
  class space    used 1583K, capacity 1776K, committed 1792K, reserved 1048576K
}
Event: 16.862 GC heap before
{Heap before GC invocations=6 (full 0):
 garbage-first heap   total 126976K, used 74621K [0x0000000085e00000, 0x0000000100000000)
  region size 1024K, 48 young (49152K), 5 survivors (5120K)
 Metaspace       used 14220K, capacity 15303K, committed 15360K, reserved 1062912K
  class space    used 1588K, capacity 1782K, committed 1792K, reserved 1048576K
}
Event: 16.880 GC heap after
{Heap after GC invocations=7 (full 0):
 garbage-first heap   total 152576K, used 35502K [0x0000000085e00000, 0x0000000100000000)
  region size 1024K, 5 young (5120K), 5 survivors (5120K)
 Metaspace       used 14220K, capacity 15303K, committed 15360K, reserved 1062912K
  class space    used 1588K, capacity 1782K, committed 1792K, reserved 1048576K
}
Event: 20.111 GC heap before
{Heap before GC invocations=7 (full 0):
 garbage-first heap   total 152576K, used 90798K [0x0000000085e00000, 0x0000000100000000)
  region size 1024K, 59 young (60416K), 5 survivors (5120K)
 Metaspace       used 15535K, capacity 16482K, committed 16512K, reserved 1064960K
  class space    used 1699K, capacity 1919K, committed 1920K, reserved 1048576K
}
Event: 20.128 GC heap after
{Heap after GC invocations=8 (full 0):
 garbage-first heap   total 152576K, used 37957K [0x0000000085e00000, 0x0000000100000000)
  region size 1024K, 3 young (3072K), 3 survivors (3072K)
 Metaspace       used 15535K, capacity 16482K, committed 16512K, reserved 1064960K
  class space    used 1699K, capacity 1919K, committed 1920K, reserved 1048576K
}
Event: 25.015 GC heap before
{Heap before GC invocations=8 (full 0):
 garbage-first heap   total 152576K, used 79941K [0x0000000085e00000, 0x0000000100000000)
  region size 1024K, 45 young (46080K), 3 survivors (3072K)
 Metaspace       used 20633K, capacity 21158K, committed 21248K, reserved 1069056K
  class space    used 2316K, capacity 2524K, committed 2560K, reserved 1048576K
}
Event: 25.039 GC heap after
{Heap after GC invocations=9 (full 0):
 garbage-first heap   total 152576K, used 39372K [0x0000000085e00000, 0x0000000100000000)
  region size 1024K, 5 young (5120K), 5 survivors (5120K)
 Metaspace       used 20633K, capacity 21158K, committed 21248K, reserved 1069056K
  class space    used 2316K, capacity 2524K, committed 2560K, reserved 1048576K
}

