# JRE version: OpenJDK Runtime Environment (11.0.3+12) (build 11.0.3+12-b304.56)
# Java VM: OpenJDK 64-Bit Server VM (11.0.3+12-b304.56, mixed mode, sharing, tiered, compressed oops, g1 gc, windows-amd64)
Heap:
 garbage-first heap   total 152576K, used 86569K [0x0000000085e00000, 0x0000000100000000)
  region size 1024K, 24 young (24576K), 2 survivors (2048K)
 Metaspace       used 28860K, capacity 29663K, committed 29824K, reserved 1075200K
  class space    used 3062K, capacity 3364K, committed 3456K, reserved 1048576K
GC Heap History (10 events):
Event: 34.270 GC heap before
{Heap before GC invocations=17 (full 0):
 garbage-first heap   total 152576K, used 118426K [0x0000000085e00000, 0x0000000100000000)
  region size 1024K, 64 young (65536K), 6 survivors (6144K)
 Metaspace       used 26896K, capacity 27662K, committed 27776K, reserved 1073152K
  class space    used 2926K, capacity 3153K, committed 3200K, reserved 1048576K
}
Event: 34.288 GC heap after
{Heap after GC invocations=18 (full 0):
 garbage-first heap   total 152576K, used 60078K [0x0000000085e00000, 0x0000000100000000)
  region size 1024K, 5 young (5120K), 5 survivors (5120K)
 Metaspace       used 26896K, capacity 27662K, committed 27776K, reserved 1073152K
  class space    used 2926K, capacity 3153K, committed 3200K, reserved 1048576K
}
Event: 34.756 GC heap before
{Heap before GC invocations=18 (full 0):
 garbage-first heap   total 152576K, used 120494K [0x0000000085e00000, 0x0000000100000000)
  region size 1024K, 64 young (65536K), 5 survivors (5120K)
 Metaspace       used 26910K, capacity 27675K, committed 27776K, reserved 1073152K
  class space    used 2927K, capacity 3155K, committed 3200K, reserved 1048576K
}
Event: 34.780 GC heap after
{Heap after GC invocations=19 (full 0):
 garbage-first heap   total 152576K, used 62378K [0x0000000085e00000, 0x0000000100000000)
  region size 1024K, 6 young (6144K), 6 survivors (6144K)
 Metaspace       used 26910K, capacity 27675K, committed 27776K, reserved 1073152K
  class space    used 2927K, capacity 3155K, committed 3200K, reserved 1048576K
}
Event: 35.079 GC heap before
{Heap before GC invocations=19 (full 0):
 garbage-first heap   total 152576K, used 121770K [0x0000000085e00000, 0x0000000100000000)
  region size 1024K, 64 young (65536K), 6 survivors (6144K)
 Metaspace       used 26920K, capacity 27678K, committed 27776K, reserved 1073152K
  class space    used 2928K, capacity 3156K, committed 3200K, reserved 1048576K
}
Event: 35.111 GC heap after
{Heap after GC invocations=20 (full 0):
 garbage-first heap   total 152576K, used 66758K [0x0000000085e00000, 0x0000000100000000)
  region size 1024K, 8 young (8192K), 8 survivors (8192K)
 Metaspace       used 26920K, capacity 27678K, committed 27776K, reserved 1073152K
  class space    used 2928K, capacity 3156K, committed 3200K, reserved 1048576K
}
Event: 35.641 GC heap before
{Heap before GC invocations=20 (full 0):
 garbage-first heap   total 152576K, used 123078K [0x0000000085e00000, 0x0000000100000000)
  region size 1024K, 63 young (64512K), 8 survivors (8192K)
 Metaspace       used 27233K, capacity 27961K, committed 28160K, reserved 1075200K
  class space    used 2940K, capacity 3225K, committed 3328K, reserved 1048576K
}
Event: 35.676 GC heap after
{Heap after GC invocations=21 (full 0):
 garbage-first heap   total 152576K, used 67113K [0x0000000085e00000, 0x0000000100000000)
  region size 1024K, 4 young (4096K), 4 survivors (4096K)
 Metaspace       used 27233K, capacity 27961K, committed 28160K, reserved 1075200K
  class space    used 2940K, capacity 3225K, committed 3328K, reserved 1048576K
}
Event: 36.747 GC heap before
{Heap before GC invocations=21 (full 0):
 garbage-first heap   total 152576K, used 124457K [0x0000000085e00000, 0x0000000100000000)
  region size 1024K, 60 young (61440K), 4 survivors (4096K)
 Metaspace       used 27826K, capacity 28665K, committed 28928K, reserved 1075200K
  class space    used 3002K, capacity 3310K, committed 3328K, reserved 1048576K
}
Event: 36.756 GC heap after
{Heap after GC invocations=22 (full 0):
 garbage-first heap   total 152576K, used 65065K [0x0000000085e00000, 0x0000000100000000)
  region size 1024K, 2 young (2048K), 2 survivors (2048K)
 Metaspace       used 27826K, capacity 28665K, committed 28928K, reserved 1075200K
  class space    used 3002K, capacity 3310K, committed 3328K, reserved 1048576K
}

